<?xml version="1.0" encoding="UTF-8"?>
<!-- Generated by org.testng.reporters.JUnitReportReporter -->
<testsuite skipped="0" hostname="REM-L-SINGHH" name="VW_TC.TC0006_login_With_Partner_Enhanced_User" tests="3" failures="0" timestamp="13 Jul 2019 18:41:31 GMT" time="33.839" errors="0">
  <testcase name="logInWithPartnerEnhancedUser" time="17.306" classname="VW_TC.TC0006_login_With_Partner_Enhanced_User"/>
  <testcase name="testTabValidation" time="2.781" classname="VW_TC.TC0006_login_With_Partner_Enhanced_User"/>
  <testcase name="tagTabValidation" time="13.752" classname="VW_TC.TC0006_login_With_Partner_Enhanced_User"/>
</testsuite> <!-- VW_TC.TC0006_login_With_Partner_Enhanced_User -->
