<?xml version="1.0" encoding="UTF-8"?>
<!-- Generated by org.testng.reporters.JUnitReportReporter -->
<testsuite skipped="0" hostname="REM-L-SINGHH" name="VW_TC.TC0006_login_With_Partner_Enhanced_User" tests="7" failures="0" timestamp="08 Jul 2019 08:14:46 GMT" time="221.058" errors="0">
  <testcase name="logInWithPartnerEnhancedUser" time="12.077" classname="VW_TC.TC0006_login_With_Partner_Enhanced_User"/>
  <testcase name="headerMandatoryDetails" time="0.348" classname="VW_TC.TC0006_login_With_Partner_Enhanced_User"/>
  <testcase name="footerMandatoryDetails" time="0.208" classname="VW_TC.TC0006_login_With_Partner_Enhanced_User"/>
  <testcase name="TabValidation" time="200.970" classname="VW_TC.TC0006_login_With_Partner_Enhanced_User"/>
  <testcase name="dashBoardTabValidation" time="2.724" classname="VW_TC.TC0006_login_With_Partner_Enhanced_User"/>
  <testcase name="alertTabValidation" time="1.855" classname="VW_TC.TC0006_login_With_Partner_Enhanced_User"/>
  <testcase name="testTabValidation" time="2.876" classname="VW_TC.TC0006_login_With_Partner_Enhanced_User"/>
</testsuite> <!-- VW_TC.TC0006_login_With_Partner_Enhanced_User -->
