<?xml version="1.0" encoding="UTF-8"?>
<!-- Generated by org.testng.reporters.JUnitReportReporter -->
<testsuite skipped="0" hostname="REM-L-SINGHH" name="VW_TC.TC0009_login_With_Client_OR_Partner_Client_Developer" tests="4" failures="0" timestamp="01 Jul 2019 20:16:38 GMT" time="28.513" errors="0">
  <testcase name="logInWithPartnerClient_Development" time="26.558" classname="VW_TC.TC0009_login_With_Client_OR_Partner_Client_Developer"/>
  <testcase name="headerMandatoryDetails" time="0.320" classname="VW_TC.TC0009_login_With_Client_OR_Partner_Client_Developer"/>
  <testcase name="footerMandatoryDetails" time="0.212" classname="VW_TC.TC0009_login_With_Client_OR_Partner_Client_Developer"/>
  <testcase name="dashBoardTabValidation" time="1.423" classname="VW_TC.TC0009_login_With_Client_OR_Partner_Client_Developer"/>
</testsuite> <!-- VW_TC.TC0009_login_With_Client_OR_Partner_Client_Developer -->
