<?xml version="1.0" encoding="UTF-8"?>
<!-- Generated by org.testng.reporters.JUnitReportReporter -->
<testsuite skipped="0" hostname="REM-L-SINGHH" name="VW_TC.TC0011_login_With_Client_OR_Partner_Client_User" tests="6" failures="0" timestamp="23 Jul 2019 10:54:49 GMT" time="58.850" errors="0">
  <testcase name="logInWithPartnerClient_User" time="35.432" classname="VW_TC.TC0011_login_With_Client_OR_Partner_Client_User"/>
  <testcase name="headerMandatoryDetails" time="0.363" classname="VW_TC.TC0011_login_With_Client_OR_Partner_Client_User"/>
  <testcase name="footerMandatoryDetails" time="0.305" classname="VW_TC.TC0011_login_With_Client_OR_Partner_Client_User"/>
  <testcase name="dashBoardTabValidation" time="6.641" classname="VW_TC.TC0011_login_With_Client_OR_Partner_Client_User"/>
  <testcase name="alertTabValidation" time="7.040" classname="VW_TC.TC0011_login_With_Client_OR_Partner_Client_User"/>
  <testcase name="testTabValidation" time="9.069" classname="VW_TC.TC0011_login_With_Client_OR_Partner_Client_User"/>
</testsuite> <!-- VW_TC.TC0011_login_With_Client_OR_Partner_Client_User -->
