<?xml version="1.0" encoding="UTF-8"?>
<!-- Generated by org.testng.reporters.JUnitReportReporter -->
<testsuite skipped="0" hostname="REM-L-SINGHH" name="VW_TC.TC0003_login_With_Empirix_Business_Analyst" tests="8" failures="0" timestamp="14 Jul 2019 17:45:00 GMT" time="35.781" errors="0">
  <testcase name="logInWithExpirixBusinessAnalyst" time="15.201" classname="VW_TC.TC0003_login_With_Empirix_Business_Analyst"/>
  <testcase name="headerMandatoryDetails" time="0.316" classname="VW_TC.TC0003_login_With_Empirix_Business_Analyst"/>
  <testcase name="footerMandatoryDetails" time="0.208" classname="VW_TC.TC0003_login_With_Empirix_Business_Analyst"/>
  <testcase name="TabValidation" time="0.862" classname="VW_TC.TC0003_login_With_Empirix_Business_Analyst"/>
  <testcase name="dashBoardTabValidation" time="2.507" classname="VW_TC.TC0003_login_With_Empirix_Business_Analyst"/>
  <testcase name="alertTabValidation" time="2.781" classname="VW_TC.TC0003_login_With_Empirix_Business_Analyst"/>
  <testcase name="testTabValidation" time="2.793" classname="VW_TC.TC0003_login_With_Empirix_Business_Analyst"/>
  <testcase name="tagTabValidation" time="11.113" classname="VW_TC.TC0003_login_With_Empirix_Business_Analyst"/>
</testsuite> <!-- VW_TC.TC0003_login_With_Empirix_Business_Analyst -->
