<?xml version="1.0" encoding="UTF-8"?>
<!-- Generated by org.testng.reporters.JUnitReportReporter -->
<testsuite skipped="0" hostname="REM-L-SINGHH" name="VW_TC.TC0000_Debug_Testing" tests="2" failures="0" timestamp="26 Jul 2019 10:11:34 GMT" time="97.083" errors="0">
  <testcase name="logInWithExpirixAdmin" time="43.446" classname="VW_TC.TC0000_Debug_Testing"/>
  <testcase name="scriptTabValidation" time="53.637" classname="VW_TC.TC0000_Debug_Testing"/>
</testsuite> <!-- VW_TC.TC0000_Debug_Testing -->
