<?xml version="1.0" encoding="UTF-8"?>
<!-- Generated by org.testng.reporters.JUnitReportReporter -->
<testsuite skipped="0" hostname="REM-L-SINGHH" name="VW_TC.TC0003_login_With_Empirix_Business_Analyst" tests="9" failures="0" timestamp="23 Jul 2019 11:22:40 GMT" time="272.046" errors="0">
  <testcase name="logInWithExpirixBusinessAnalyst" time="19.242" classname="VW_TC.TC0003_login_With_Empirix_Business_Analyst"/>
  <testcase name="headerMandatoryDetails" time="0.490" classname="VW_TC.TC0003_login_With_Empirix_Business_Analyst"/>
  <testcase name="footerMandatoryDetails" time="0.341" classname="VW_TC.TC0003_login_With_Empirix_Business_Analyst"/>
  <testcase name="TabValidation" time="0.637" classname="VW_TC.TC0003_login_With_Empirix_Business_Analyst"/>
  <testcase name="dashBoardTabValidation" time="3.258" classname="VW_TC.TC0003_login_With_Empirix_Business_Analyst"/>
  <testcase name="alertTabValidation" time="2.239" classname="VW_TC.TC0003_login_With_Empirix_Business_Analyst"/>
  <testcase name="testTabValidation" time="2.974" classname="VW_TC.TC0003_login_With_Empirix_Business_Analyst"/>
  <testcase name="tagTabValidation" time="10.847" classname="VW_TC.TC0003_login_With_Empirix_Business_Analyst"/>
  <testcase name="scriptTabValidation" time="232.018" classname="VW_TC.TC0003_login_With_Empirix_Business_Analyst"/>
</testsuite> <!-- VW_TC.TC0003_login_With_Empirix_Business_Analyst -->
