<?xml version="1.0" encoding="UTF-8"?>
<!-- Generated by org.testng.reporters.JUnitReportReporter -->
<testsuite skipped="0" hostname="REM-L-SINGHH" name="VW_TC.TC0004_login_With_Partner_Customer_Admin" tests="8" failures="0" timestamp="13 Jul 2019 18:01:40 GMT" time="467.913" errors="0">
  <testcase name="logInWithPartnerCustomerAdmin" time="19.438" classname="VW_TC.TC0004_login_With_Partner_Customer_Admin"/>
  <testcase name="headerMandatoryDetails" time="0.315" classname="VW_TC.TC0004_login_With_Partner_Customer_Admin"/>
  <testcase name="footerMandatoryDetails" time="0.191" classname="VW_TC.TC0004_login_With_Partner_Customer_Admin"/>
  <testcase name="TabValidation" time="200.853" classname="VW_TC.TC0004_login_With_Partner_Customer_Admin"/>
  <testcase name="dashBoardTabValidation" time="3.433" classname="VW_TC.TC0004_login_With_Partner_Customer_Admin"/>
  <testcase name="alertTabValidation" time="2.903" classname="VW_TC.TC0004_login_With_Partner_Customer_Admin"/>
  <testcase name="testTabValidation" time="228.267" classname="VW_TC.TC0004_login_With_Partner_Customer_Admin"/>
  <testcase name="tagTabValidation" time="12.513" classname="VW_TC.TC0004_login_With_Partner_Customer_Admin"/>
</testsuite> <!-- VW_TC.TC0004_login_With_Partner_Customer_Admin -->
