<?xml version="1.0" encoding="UTF-8"?>
<!-- Generated by org.testng.reporters.JUnitReportReporter -->
<testsuite skipped="0" hostname="REM-L-SINGHH" name="VW_TC.TC0005_login_With_Partner_Developer" tests="4" failures="0" timestamp="07 Jul 2019 06:44:24 GMT" time="226.454" errors="0">
  <testcase name="logInWithPartnerDevelopment" time="17.897" classname="VW_TC.TC0005_login_With_Partner_Developer"/>
  <testcase name="headerMandatoryDetails" time="0.376" classname="VW_TC.TC0005_login_With_Partner_Developer"/>
  <testcase name="footerMandatoryDetails" time="0.281" classname="VW_TC.TC0005_login_With_Partner_Developer"/>
  <testcase name="testTabValidation" time="207.900" classname="VW_TC.TC0005_login_With_Partner_Developer"/>
</testsuite> <!-- VW_TC.TC0005_login_With_Partner_Developer -->
