<?xml version="1.0" encoding="UTF-8"?>
<!-- Generated by org.testng.reporters.JUnitReportReporter -->
<testsuite skipped="0" hostname="REM-L-SINGHH" name="VW_TC.linktest" tests="2" failures="0" timestamp="30 Jun 2019 14:55:21 GMT" time="13.997" errors="0">
  <testcase name="logInWithExpirixAdmin" time="12.984" classname="VW_TC.linktest"/>
  <testcase name="linktest" time="1.013" classname="VW_TC.linktest"/>
</testsuite> <!-- VW_TC.linktest -->
