<?xml version="1.0" encoding="UTF-8"?>
<!-- Generated by org.testng.reporters.JUnitReportReporter -->
<testsuite skipped="0" hostname="REM-L-SINGHH" name="VW_TC.TC0000_Debug_Testing" tests="2" failures="0" timestamp="16 Jul 2019 16:12:29 GMT" time="37.324" errors="0">
  <testcase name="logInWithExpirixAdmin" time="18.993" classname="VW_TC.TC0000_Debug_Testing"/>
  <testcase name="scriptTabValidation" time="18.331" classname="VW_TC.TC0000_Debug_Testing"/>
</testsuite> <!-- VW_TC.TC0000_Debug_Testing -->
