<?xml version="1.0" encoding="UTF-8"?>
<!-- Generated by org.testng.reporters.JUnitReportReporter -->
<testsuite skipped="0" hostname="REM-L-SINGHH" name="VW_TC.TC0011_login_With_Client_OR_Partner_Client_User" tests="7" failures="0" timestamp="13 Jul 2019 19:24:01 GMT" time="724.128" errors="0">
  <testcase name="logInWithPartnerClient_User" time="14.320" classname="VW_TC.TC0011_login_With_Client_OR_Partner_Client_User"/>
  <testcase name="headerMandatoryDetails" time="0.672" classname="VW_TC.TC0011_login_With_Client_OR_Partner_Client_User"/>
  <testcase name="footerMandatoryDetails" time="0.487" classname="VW_TC.TC0011_login_With_Client_OR_Partner_Client_User"/>
  <testcase name="TabValidation" time="701.624" classname="VW_TC.TC0011_login_With_Client_OR_Partner_Client_User"/>
  <testcase name="dashBoardTabValidation" time="1.525" classname="VW_TC.TC0011_login_With_Client_OR_Partner_Client_User"/>
  <testcase name="alertTabValidation" time="2.607" classname="VW_TC.TC0011_login_With_Client_OR_Partner_Client_User"/>
  <testcase name="testTabValidation" time="2.893" classname="VW_TC.TC0011_login_With_Client_OR_Partner_Client_User"/>
</testsuite> <!-- VW_TC.TC0011_login_With_Client_OR_Partner_Client_User -->
