<?xml version="1.0" encoding="UTF-8"?>
<!-- Generated by org.testng.reporters.JUnitReportReporter -->
<testsuite skipped="0" hostname="REM-L-SINGHH" name="VW_TC.TC0006_login_With_Partner_Enhanced_User" tests="6" failures="0" timestamp="03 Jul 2019 13:26:25 GMT" time="24.484" errors="0">
  <testcase name="logInWithPartnerEnhancedUser" time="16.319" classname="VW_TC.TC0006_login_With_Partner_Enhanced_User"/>
  <testcase name="headerMandatoryDetails" time="0.324" classname="VW_TC.TC0006_login_With_Partner_Enhanced_User"/>
  <testcase name="footerMandatoryDetails" time="0.216" classname="VW_TC.TC0006_login_With_Partner_Enhanced_User"/>
  <testcase name="dashBoardTabValidation" time="2.454" classname="VW_TC.TC0006_login_With_Partner_Enhanced_User"/>
  <testcase name="alertTabValidation" time="1.631" classname="VW_TC.TC0006_login_With_Partner_Enhanced_User"/>
  <testcase name="testTabValidation" time="3.540" classname="VW_TC.TC0006_login_With_Partner_Enhanced_User"/>
</testsuite> <!-- VW_TC.TC0006_login_With_Partner_Enhanced_User -->
