<?xml version="1.0" encoding="UTF-8"?>
<!-- Generated by org.testng.reporters.JUnitReportReporter -->
<testsuite skipped="0" hostname="REM-L-SINGHH" name="VW_TC.TC0000_Debug_Testing1" tests="2" failures="0" timestamp="28 Jul 2019 07:59:29 GMT" time="640.965" errors="0">
  <testcase name="logInWithExpirixBusinessAnalyst" time="36.594" classname="VW_TC.TC0000_Debug_Testing1"/>
  <testcase name="variableTabValidation" time="604.371" classname="VW_TC.TC0000_Debug_Testing1"/>
</testsuite> <!-- VW_TC.TC0000_Debug_Testing1 -->
