<?xml version="1.0" encoding="UTF-8"?>
<!-- Generated by org.testng.reporters.JUnitReportReporter -->
<testsuite skipped="0" hostname="REM-L-SINGHH" name="VW_TC.TC0000_Debug_Testing" tests="2" failures="0" timestamp="04 Jul 2019 07:26:25 GMT" time="36.350" errors="0">
  <testcase name="logInWithExpirixAdmin" time="27.781" classname="VW_TC.TC0000_Debug_Testing"/>
  <testcase name="testTabValidation" time="8.569" classname="VW_TC.TC0000_Debug_Testing"/>
</testsuite> <!-- VW_TC.TC0000_Debug_Testing -->
