<?xml version="1.0" encoding="UTF-8"?>
<!-- Generated by org.testng.reporters.JUnitReportReporter -->
<testsuite skipped="0" hostname="REM-L-SINGHH" name="VW_TC.TC0008_login_With_Client_OR_Partner_Client_Custmer_Admin" tests="4" failures="0" timestamp="01 Jul 2019 20:15:00 GMT" time="21.264" errors="0">
  <testcase name="logInWithPartnerClient_CustomerAdmin" time="19.353" classname="VW_TC.TC0008_login_With_Client_OR_Partner_Client_Custmer_Admin"/>
  <testcase name="headerMandatoryDetails" time="0.329" classname="VW_TC.TC0008_login_With_Client_OR_Partner_Client_Custmer_Admin"/>
  <testcase name="footerMandatoryDetails" time="0.212" classname="VW_TC.TC0008_login_With_Client_OR_Partner_Client_Custmer_Admin"/>
  <testcase name="dashBoardTabValidation" time="1.370" classname="VW_TC.TC0008_login_With_Client_OR_Partner_Client_Custmer_Admin"/>
</testsuite> <!-- VW_TC.TC0008_login_With_Client_OR_Partner_Client_Custmer_Admin -->
