<?xml version="1.0" encoding="UTF-8"?>
<!-- Generated by org.testng.reporters.JUnitReportReporter -->
<testsuite skipped="0" hostname="REM-L-SINGHH" name="VW_TC.TC0011_login_With_Client_OR_Partner_Client_User" tests="7" failures="0" timestamp="14 Jul 2019 13:21:02 GMT" time="726.203" errors="0">
  <testcase name="logInWithPartnerClient_User" time="16.337" classname="VW_TC.TC0011_login_With_Client_OR_Partner_Client_User"/>
  <testcase name="headerMandatoryDetails" time="0.312" classname="VW_TC.TC0011_login_With_Client_OR_Partner_Client_User"/>
  <testcase name="footerMandatoryDetails" time="0.304" classname="VW_TC.TC0011_login_With_Client_OR_Partner_Client_User"/>
  <testcase name="TabValidation" time="700.794" classname="VW_TC.TC0011_login_With_Client_OR_Partner_Client_User"/>
  <testcase name="dashBoardTabValidation" time="2.099" classname="VW_TC.TC0011_login_With_Client_OR_Partner_Client_User"/>
  <testcase name="alertTabValidation" time="3.051" classname="VW_TC.TC0011_login_With_Client_OR_Partner_Client_User"/>
  <testcase name="testTabValidation" time="3.306" classname="VW_TC.TC0011_login_With_Client_OR_Partner_Client_User"/>
</testsuite> <!-- VW_TC.TC0011_login_With_Client_OR_Partner_Client_User -->
