<?xml version="1.0" encoding="UTF-8"?>
<!-- Generated by org.testng.reporters.JUnitReportReporter -->
<testsuite skipped="0" hostname="REM-L-SINGHH" name="VW_TC.TC0011_login_With_Client_OR_Partner_Client_User" tests="6" failures="0" timestamp="03 Jul 2019 13:28:10 GMT" time="27.044" errors="0">
  <testcase name="logInWithPartnerClient_User" time="19.446" classname="VW_TC.TC0011_login_With_Client_OR_Partner_Client_User"/>
  <testcase name="headerMandatoryDetails" time="0.325" classname="VW_TC.TC0011_login_With_Client_OR_Partner_Client_User"/>
  <testcase name="footerMandatoryDetails" time="0.213" classname="VW_TC.TC0011_login_With_Client_OR_Partner_Client_User"/>
  <testcase name="dashBoardTabValidation" time="1.372" classname="VW_TC.TC0011_login_With_Client_OR_Partner_Client_User"/>
  <testcase name="alertTabValidation" time="1.880" classname="VW_TC.TC0011_login_With_Client_OR_Partner_Client_User"/>
  <testcase name="testTabValidation" time="3.808" classname="VW_TC.TC0011_login_With_Client_OR_Partner_Client_User"/>
</testsuite> <!-- VW_TC.TC0011_login_With_Client_OR_Partner_Client_User -->
