<?xml version="1.0" encoding="UTF-8"?>
<!-- Generated by org.testng.reporters.JUnitReportReporter -->
<testsuite skipped="0" hostname="REM-L-SINGHH" name="VW_TC.TC0000_Debug_Testing" tests="2" failures="0" timestamp="26 Jul 2019 12:08:50 GMT" time="72.169" errors="0">
  <testcase name="logInWithExpirixAdmin" time="19.639" classname="VW_TC.TC0000_Debug_Testing"/>
  <testcase name="scriptTabValidation" time="52.530" classname="VW_TC.TC0000_Debug_Testing"/>
</testsuite> <!-- VW_TC.TC0000_Debug_Testing -->
