<?xml version="1.0" encoding="UTF-8"?>
<!-- Generated by org.testng.reporters.JUnitReportReporter -->
<testsuite skipped="0" hostname="REM-L-SINGHH" name="VW_TC.TC0008_login_With_Clinet_OR_Partner_Client_Custmer_Admin" tests="2" failures="0" timestamp="19 Jun 2019 17:54:09 GMT" time="427.123" errors="0">
  <testcase name="logInScreen" time="26.296" classname="VW_TC.TC0008_login_With_Clinet_OR_Partner_Client_Custmer_Admin"/>
  <testcase name="TabValidation" time="400.827" classname="VW_TC.TC0008_login_With_Clinet_OR_Partner_Client_Custmer_Admin"/>
</testsuite> <!-- VW_TC.TC0008_login_With_Clinet_OR_Partner_Client_Custmer_Admin -->
