<?xml version="1.0" encoding="UTF-8"?>
<!-- Generated by org.testng.reporters.JUnitReportReporter -->
<testsuite skipped="0" hostname="REM-L-SINGHH" name="VW_TC.TC0000_login_With_Exmpirix_Admin_Sanity" tests="2" failures="0" timestamp="03 Jul 2019 18:53:42 GMT" time="30.972" errors="0">
  <testcase name="logInWithExpirixAdmin" time="23.019" classname="VW_TC.TC0000_login_With_Exmpirix_Admin_Sanity"/>
  <testcase name="testTabValidation" time="7.953" classname="VW_TC.TC0000_login_With_Exmpirix_Admin_Sanity"/>
</testsuite> <!-- VW_TC.TC0000_login_With_Exmpirix_Admin_Sanity -->
