<?xml version="1.0" encoding="UTF-8"?>
<!-- Generated by org.testng.reporters.JUnitReportReporter -->
<testsuite skipped="0" hostname="REM-L-SINGHH" name="VW_TC.TC0003_loginWithEmpirix_Business_Analyst" tests="2" failures="0" timestamp="18 Jun 2019 20:36:42 GMT" time="17.875" errors="0">
  <testcase name="logInScreen" time="17.320" classname="VW_TC.TC0003_loginWithEmpirix_Business_Analyst"/>
  <testcase name="TabValidation" time="0.555" classname="VW_TC.TC0003_loginWithEmpirix_Business_Analyst"/>
</testsuite> <!-- VW_TC.TC0003_loginWithEmpirix_Business_Analyst -->
