<?xml version="1.0" encoding="UTF-8"?>
<!-- Generated by org.testng.reporters.JUnitReportReporter -->
<testsuite skipped="0" hostname="REM-L-SINGHH" name="VW_TC.TC0009_login_With_Clinet_OR_Partner_Client_Developer" tests="2" failures="0" timestamp="19 Jun 2019 18:15:25 GMT" time="420.731" errors="0">
  <testcase name="logInScreen" time="20.088" classname="VW_TC.TC0009_login_With_Clinet_OR_Partner_Client_Developer"/>
  <testcase name="TabValidation" time="400.643" classname="VW_TC.TC0009_login_With_Clinet_OR_Partner_Client_Developer"/>
</testsuite> <!-- VW_TC.TC0009_login_With_Clinet_OR_Partner_Client_Developer -->
