<?xml version="1.0" encoding="UTF-8"?>
<!-- Generated by org.testng.reporters.JUnitReportReporter -->
<testsuite skipped="0" hostname="REM-L-SINGHH" name="VW_TC.TC0002_Dashboard" tests="1" failures="0" timestamp="06 Jun 2019 13:21:03 GMT" time="54.868" errors="0">
  <testcase name="basePageLoginValidation" time="54.868" classname="VW_TC.TC0002_Dashboard"/>
</testsuite> <!-- VW_TC.TC0002_Dashboard -->
