<?xml version="1.0" encoding="UTF-8"?>
<!-- Generated by org.testng.reporters.JUnitReportReporter -->
<testsuite skipped="0" hostname="REM-L-SINGHH" name="VW_TC.linktest" tests="2" failures="0" timestamp="27 Jun 2019 07:13:02 GMT" time="12.106" errors="0">
  <testcase name="logInWithExpirixAdmin" time="11.725" classname="VW_TC.linktest"/>
  <testcase name="linktest" time="0.381" classname="VW_TC.linktest"/>
</testsuite> <!-- VW_TC.linktest -->
