<?xml version="1.0" encoding="UTF-8"?>
<!-- Generated by org.testng.reporters.JUnitReportReporter -->
<testsuite skipped="0" hostname="REM-L-SINGHH" name="VW_TC.TC0005_login_With_Partner_Developer" tests="2" failures="0" timestamp="27 Jul 2019 06:34:58 GMT" time="61.128" errors="0">
  <testcase name="logInWithPartnerDevelopment" time="15.083" classname="VW_TC.TC0005_login_With_Partner_Developer"/>
  <testcase name="scriptTabValidation" time="46.045" classname="VW_TC.TC0005_login_With_Partner_Developer"/>
</testsuite> <!-- VW_TC.TC0005_login_With_Partner_Developer -->
