<?xml version="1.0" encoding="UTF-8"?>
<!-- Generated by org.testng.reporters.JUnitReportReporter -->
<testsuite skipped="0" hostname="REM-L-SINGHH" name="VW_TC.TC0000_Debug_Testing" tests="2" failures="0" timestamp="28 Jul 2019 07:47:10 GMT" time="43.897" errors="0">
  <testcase name="logInWithExpirixAdmin" time="39.443" classname="VW_TC.TC0000_Debug_Testing"/>
  <testcase name="variableTabValidation" time="4.454" classname="VW_TC.TC0000_Debug_Testing"/>
</testsuite> <!-- VW_TC.TC0000_Debug_Testing -->
