<?xml version="1.0" encoding="UTF-8"?>
<!-- Generated by org.testng.reporters.JUnitReportReporter -->
<testsuite skipped="0" hostname="REM-L-SINGHH" name="VW_TC.TC0011_login_With_Client_OR_Partner_User" tests="2" failures="0" timestamp="19 Jun 2019 19:11:25 GMT" time="730.043" errors="0">
  <testcase name="logInScreen" time="29.347" classname="VW_TC.TC0011_login_With_Client_OR_Partner_User"/>
  <testcase name="TabValidation" time="700.696" classname="VW_TC.TC0011_login_With_Client_OR_Partner_User"/>
</testsuite> <!-- VW_TC.TC0011_login_With_Client_OR_Partner_User -->
