<?xml version="1.0" encoding="UTF-8"?>
<!-- Generated by org.testng.reporters.JUnitReportReporter -->
<testsuite skipped="0" hostname="REM-L-SINGHH" name="VW_TC.TC0005_login_With_Partner_Developer" tests="4" failures="0" timestamp="02 Jul 2019 20:07:28 GMT" time="14.438" errors="0">
  <testcase name="logInWithPartnerDevelopment" time="12.172" classname="VW_TC.TC0005_login_With_Partner_Developer"/>
  <testcase name="headerMandatoryDetails" time="0.379" classname="VW_TC.TC0005_login_With_Partner_Developer"/>
  <testcase name="footerMandatoryDetails" time="0.238" classname="VW_TC.TC0005_login_With_Partner_Developer"/>
  <testcase name="alertTabValidation" time="1.649" classname="VW_TC.TC0005_login_With_Partner_Developer"/>
</testsuite> <!-- VW_TC.TC0005_login_With_Partner_Developer -->
