<?xml version="1.0" encoding="UTF-8"?>
<!-- Generated by org.testng.reporters.JUnitReportReporter -->
<testsuite skipped="0" hostname="REM-L-SINGHH" name="VW_TC.TC0000_Debug_Testing" tests="2" failures="0" timestamp="17 Jul 2019 17:09:53 GMT" time="100.430" errors="0">
  <testcase name="logInWithExpirixAdmin" time="34.906" classname="VW_TC.TC0000_Debug_Testing"/>
  <testcase name="scriptTabValidation" time="65.524" classname="VW_TC.TC0000_Debug_Testing"/>
</testsuite> <!-- VW_TC.TC0000_Debug_Testing -->
