<?xml version="1.0" encoding="UTF-8"?>
<!-- Generated by org.testng.reporters.JUnitReportReporter -->
<testsuite skipped="0" hostname="REM-L-SINGHH" name="resources.ExtentReportDemo" tests="1" failures="0" timestamp="22 Jun 2019 21:31:55 GMT" time="0.343" errors="0">
  <testcase name="loginTest" time="0.343" classname="resources.ExtentReportDemo"/>
</testsuite> <!-- resources.ExtentReportDemo -->
