<?xml version="1.0" encoding="UTF-8"?>
<!-- Generated by org.testng.reporters.JUnitReportReporter -->
<testsuite skipped="0" hostname="REM-L-SINGHH" name="VW_TC.TC0002_login_With_Exmpirix_Admin" tests="2" failures="0" timestamp="13 Jul 2019 02:54:33 GMT" time="19.781" errors="0">
  <testcase name="logInWithExpirixAdmin" time="14.004" classname="VW_TC.TC0002_login_With_Exmpirix_Admin"/>
  <testcase name="testTagValidation" time="5.777" classname="VW_TC.TC0002_login_With_Exmpirix_Admin"/>
</testsuite> <!-- VW_TC.TC0002_login_With_Exmpirix_Admin -->
