<?xml version="1.0" encoding="UTF-8"?>
<!-- Generated by org.testng.reporters.JUnitReportReporter -->
<testsuite skipped="0" hostname="REM-L-SINGHH" name="VW_TC.TC0000_Debug_Testing" tests="2" failures="0" timestamp="08 Jul 2019 11:58:04 GMT" time="14.180" errors="0">
  <testcase name="logInWithExpirixAdmin" time="11.792" classname="VW_TC.TC0000_Debug_Testing"/>
  <testcase name="testTabValidation" time="2.388" classname="VW_TC.TC0000_Debug_Testing"/>
</testsuite> <!-- VW_TC.TC0000_Debug_Testing -->
