<?xml version="1.0" encoding="UTF-8"?>
<!-- Generated by org.testng.reporters.JUnitReportReporter -->
<testsuite skipped="0" hostname="REM-L-SINGHH" name="VW_TC.TC0010_login_With_Client_OR_Partner_Client_Enhanced_User" tests="6" failures="0" timestamp="07 Jul 2019 09:13:41 GMT" time="25.777" errors="0">
  <testcase name="logInWithPartnerClient_EnhancedUser" time="17.602" classname="VW_TC.TC0010_login_With_Client_OR_Partner_Client_Enhanced_User"/>
  <testcase name="headerMandatoryDetails" time="0.485" classname="VW_TC.TC0010_login_With_Client_OR_Partner_Client_Enhanced_User"/>
  <testcase name="footerMandatoryDetails" time="0.328" classname="VW_TC.TC0010_login_With_Client_OR_Partner_Client_Enhanced_User"/>
  <testcase name="dashBoardTabValidation" time="2.403" classname="VW_TC.TC0010_login_With_Client_OR_Partner_Client_Enhanced_User"/>
  <testcase name="alertTabValidation" time="2.044" classname="VW_TC.TC0010_login_With_Client_OR_Partner_Client_Enhanced_User"/>
  <testcase name="testTabValidation" time="2.915" classname="VW_TC.TC0010_login_With_Client_OR_Partner_Client_Enhanced_User"/>
</testsuite> <!-- VW_TC.TC0010_login_With_Client_OR_Partner_Client_Enhanced_User -->
