<?xml version="1.0" encoding="UTF-8"?>
<!-- Generated by org.testng.reporters.JUnitReportReporter -->
<testsuite skipped="0" hostname="REM-L-SINGHH" name="VW_TC.TC0007_login_With_Partner_User" tests="6" failures="0" timestamp="17 Jul 2019 12:20:02 GMT" time="25.510" errors="0">
  <testcase name="logInWithPartnerUser" time="16.735" classname="VW_TC.TC0007_login_With_Partner_User"/>
  <testcase name="headerMandatoryDetails" time="0.460" classname="VW_TC.TC0007_login_With_Partner_User"/>
  <testcase name="footerMandatoryDetails" time="0.284" classname="VW_TC.TC0007_login_With_Partner_User"/>
  <testcase name="dashBoardTabValidation" time="2.832" classname="VW_TC.TC0007_login_With_Partner_User"/>
  <testcase name="alertTabValidation" time="2.112" classname="VW_TC.TC0007_login_With_Partner_User"/>
  <testcase name="testTabValidation" time="3.087" classname="VW_TC.TC0007_login_With_Partner_User"/>
</testsuite> <!-- VW_TC.TC0007_login_With_Partner_User -->
