<?xml version="1.0" encoding="UTF-8"?>
<!-- Generated by org.testng.reporters.JUnitReportReporter -->
<testsuite skipped="0" hostname="REM-L-SINGHH" name="VW_TC.TC0006_login_With_Partner_Enhanced_User" tests="4" failures="0" timestamp="01 Jul 2019 20:10:59 GMT" time="22.592" errors="0">
  <testcase name="logInWithPartnerEnhancedUser" time="19.462" classname="VW_TC.TC0006_login_With_Partner_Enhanced_User"/>
  <testcase name="headerMandatoryDetails" time="0.324" classname="VW_TC.TC0006_login_With_Partner_Enhanced_User"/>
  <testcase name="footerMandatoryDetails" time="0.213" classname="VW_TC.TC0006_login_With_Partner_Enhanced_User"/>
  <testcase name="dashBoardTabValidation" time="2.593" classname="VW_TC.TC0006_login_With_Partner_Enhanced_User"/>
</testsuite> <!-- VW_TC.TC0006_login_With_Partner_Enhanced_User -->
