<?xml version="1.0" encoding="UTF-8"?>
<!-- Generated by org.testng.reporters.JUnitReportReporter -->
<testsuite skipped="0" hostname="REM-L-SINGHH" name="VW_TC.TC0007_login_With_Partner_User" tests="7" failures="0" timestamp="23 Jul 2019 10:54:49 GMT" time="525.613" errors="0">
  <testcase name="logInWithPartnerUser" time="15.419" classname="VW_TC.TC0007_login_With_Partner_User"/>
  <testcase name="headerMandatoryDetails" time="0.349" classname="VW_TC.TC0007_login_With_Partner_User"/>
  <testcase name="footerMandatoryDetails" time="0.263" classname="VW_TC.TC0007_login_With_Partner_User"/>
  <testcase name="TabValidation" time="500.550" classname="VW_TC.TC0007_login_With_Partner_User"/>
  <testcase name="dashBoardTabValidation" time="3.743" classname="VW_TC.TC0007_login_With_Partner_User"/>
  <testcase name="alertTabValidation" time="2.107" classname="VW_TC.TC0007_login_With_Partner_User"/>
  <testcase name="testTabValidation" time="3.182" classname="VW_TC.TC0007_login_With_Partner_User"/>
</testsuite> <!-- VW_TC.TC0007_login_With_Partner_User -->
