<?xml version="1.0" encoding="UTF-8"?>
<!-- Generated by org.testng.reporters.JUnitReportReporter -->
<testsuite skipped="0" hostname="REM-L-SINGHH" name="VW_TC.location" tests="2" failures="0" timestamp="30 Jun 2019 07:35:57 GMT" time="17.257" errors="0">
  <testcase name="logInWithExpirixAdmin" time="17.225" classname="VW_TC.location"/>
  <testcase name="linktest" time="0.032" classname="VW_TC.location"/>
</testsuite> <!-- VW_TC.location -->
