<?xml version="1.0" encoding="UTF-8"?>
<!-- Generated by org.testng.reporters.JUnitReportReporter -->
<testsuite skipped="0" hostname="REM-L-SINGHH" name="VW_TC.TC0005_login_With_Partner_Developer" tests="7" failures="0" timestamp="13 Jul 2019 18:19:19 GMT" time="458.280" errors="0">
  <testcase name="logInWithPartnerDevelopment" time="14.110" classname="VW_TC.TC0005_login_With_Partner_Developer"/>
  <testcase name="headerMandatoryDetails" time="0.292" classname="VW_TC.TC0005_login_With_Partner_Developer"/>
  <testcase name="footerMandatoryDetails" time="0.164" classname="VW_TC.TC0005_login_With_Partner_Developer"/>
  <testcase name="TabValidation" time="200.729" classname="VW_TC.TC0005_login_With_Partner_Developer"/>
  <testcase name="alertTabValidation" time="2.742" classname="VW_TC.TC0005_login_With_Partner_Developer"/>
  <testcase name="testTabValidation" time="226.592" classname="VW_TC.TC0005_login_With_Partner_Developer"/>
  <testcase name="tagTabValidation" time="13.651" classname="VW_TC.TC0005_login_With_Partner_Developer"/>
</testsuite> <!-- VW_TC.TC0005_login_With_Partner_Developer -->
