<?xml version="1.0" encoding="UTF-8"?>
<!-- Generated by org.testng.reporters.JUnitReportReporter -->
<testsuite skipped="0" hostname="REM-L-SINGHH" name="VW_TC.TC0002_login_With_Exmpirix_Admin" tests="4" failures="0" timestamp="30 Jun 2019 21:39:08 GMT" time="17.763" errors="0">
  <testcase name="logInWithExpirixAdmin" time="15.387" classname="VW_TC.TC0002_login_With_Exmpirix_Admin"/>
  <testcase name="headerMandatoryDetails" time="0.408" classname="VW_TC.TC0002_login_With_Exmpirix_Admin"/>
  <testcase name="footerMandatoryDetails" time="0.210" classname="VW_TC.TC0002_login_With_Exmpirix_Admin"/>
  <testcase name="TabAvailabilityValidation" time="1.758" classname="VW_TC.TC0002_login_With_Exmpirix_Admin"/>
</testsuite> <!-- VW_TC.TC0002_login_With_Exmpirix_Admin -->
