<?xml version="1.0" encoding="UTF-8"?>
<!-- Generated by org.testng.reporters.JUnitReportReporter -->
<testsuite skipped="0" hostname="REM-L-SINGHH" name="VW_TC.TC0007_login_With_Partner_User" tests="4" failures="0" timestamp="13 Jul 2019 18:51:11 GMT" time="519.446" errors="0">
  <testcase name="logInWithPartnerUser" time="12.684" classname="VW_TC.TC0007_login_With_Partner_User"/>
  <testcase name="TabValidation" time="500.961" classname="VW_TC.TC0007_login_With_Partner_User"/>
  <testcase name="dashBoardTabValidation" time="3.411" classname="VW_TC.TC0007_login_With_Partner_User"/>
  <testcase name="alertTabValidation" time="2.390" classname="VW_TC.TC0007_login_With_Partner_User"/>
</testsuite> <!-- VW_TC.TC0007_login_With_Partner_User -->
