<?xml version="1.0" encoding="UTF-8"?>
<!-- Generated by org.testng.reporters.JUnitReportReporter -->
<testsuite skipped="0" hostname="REM-L-SINGHH" name="VW_TC.TC0007_login_With_Partner_User" tests="7" failures="0" timestamp="12 Jul 2019 10:24:22 GMT" time="621.271" errors="0">
  <testcase name="logInWithPartnerUser" time="12.383" classname="VW_TC.TC0007_login_With_Partner_User"/>
  <testcase name="headerMandatoryDetails" time="0.347" classname="VW_TC.TC0007_login_With_Partner_User"/>
  <testcase name="footerMandatoryDetails" time="0.237" classname="VW_TC.TC0007_login_With_Partner_User"/>
  <testcase name="TabValidation" time="500.800" classname="VW_TC.TC0007_login_With_Partner_User"/>
  <testcase name="dashBoardTabValidation" time="2.787" classname="VW_TC.TC0007_login_With_Partner_User"/>
  <testcase name="alertTabValidation" time="1.648" classname="VW_TC.TC0007_login_With_Partner_User"/>
  <testcase name="testTabValidation" time="103.069" classname="VW_TC.TC0007_login_With_Partner_User"/>
</testsuite> <!-- VW_TC.TC0007_login_With_Partner_User -->
