<?xml version="1.0" encoding="UTF-8"?>
<!-- Generated by org.testng.reporters.JUnitReportReporter -->
<testsuite skipped="0" hostname="REM-L-SINGHH" name="VW_TC.TC0007_login_With_Partner_User" tests="3" failures="0" timestamp="14 Jul 2019 15:37:35 GMT" time="21.124" errors="0">
  <testcase name="logInWithPartnerUser" time="15.628" classname="VW_TC.TC0007_login_With_Partner_User"/>
  <testcase name="alertTabValidation" time="2.772" classname="VW_TC.TC0007_login_With_Partner_User"/>
  <testcase name="testTabValidation" time="2.724" classname="VW_TC.TC0007_login_With_Partner_User"/>
</testsuite> <!-- VW_TC.TC0007_login_With_Partner_User -->
