<?xml version="1.0" encoding="UTF-8"?>
<!-- Generated by org.testng.reporters.JUnitReportReporter -->
<testsuite skipped="0" hostname="REM-L-SINGHH" name="VW_TC.TC0000_Debug_Testing1" tests="2" failures="0" timestamp="26 Jul 2019 10:38:13 GMT" time="621.064" errors="0">
  <testcase name="logInWithExpirixBusinessAnalyst" time="15.572" classname="VW_TC.TC0000_Debug_Testing1"/>
  <testcase name="scriptTabValidation" time="605.492" classname="VW_TC.TC0000_Debug_Testing1"/>
</testsuite> <!-- VW_TC.TC0000_Debug_Testing1 -->
