<?xml version="1.0" encoding="UTF-8"?>
<!-- Generated by org.testng.reporters.JUnitReportReporter -->
<testsuite skipped="0" hostname="REM-L-SINGHH" name="VW_TC.TC0006_login_With_Partner_Enhanced_User" tests="6" failures="0" timestamp="07 Jul 2019 07:02:42 GMT" time="21.652" errors="0">
  <testcase name="logInWithPartnerEnhancedUser" time="13.715" classname="VW_TC.TC0006_login_With_Partner_Enhanced_User"/>
  <testcase name="headerMandatoryDetails" time="0.438" classname="VW_TC.TC0006_login_With_Partner_Enhanced_User"/>
  <testcase name="footerMandatoryDetails" time="0.296" classname="VW_TC.TC0006_login_With_Partner_Enhanced_User"/>
  <testcase name="dashBoardTabValidation" time="2.509" classname="VW_TC.TC0006_login_With_Partner_Enhanced_User"/>
  <testcase name="alertTabValidation" time="1.875" classname="VW_TC.TC0006_login_With_Partner_Enhanced_User"/>
  <testcase name="testTabValidation" time="2.819" classname="VW_TC.TC0006_login_With_Partner_Enhanced_User"/>
</testsuite> <!-- VW_TC.TC0006_login_With_Partner_Enhanced_User -->
