<?xml version="1.0" encoding="UTF-8"?>
<!-- Generated by org.testng.reporters.JUnitReportReporter -->
<testsuite skipped="0" hostname="REM-L-SINGHH" name="VW_Client_Tab.TC0001_login" tests="1" failures="0" timestamp="06 Jun 2019 09:44:13 GMT" time="43.453" errors="0">
  <testcase name="basePageLoginValidation" time="43.453" classname="VW_Client_Tab.TC0001_login"/>
</testsuite> <!-- VW_Client_Tab.TC0001_login -->
