<?xml version="1.0" encoding="UTF-8"?>
<!-- Generated by org.testng.reporters.JUnitReportReporter -->
<testsuite skipped="0" hostname="REM-L-SINGHH" name="VW_TC.TC0005_loginWithPARTNER_DEVELOPER" tests="2" failures="0" timestamp="18 Jun 2019 20:46:43 GMT" time="214.851" errors="0">
  <testcase name="logInScreen" time="14.217" classname="VW_TC.TC0005_loginWithPARTNER_DEVELOPER"/>
  <testcase name="TabValidation" time="200.634" classname="VW_TC.TC0005_loginWithPARTNER_DEVELOPER"/>
</testsuite> <!-- VW_TC.TC0005_loginWithPARTNER_DEVELOPER -->
