<?xml version="1.0" encoding="UTF-8"?>
<!-- Generated by org.testng.reporters.JUnitReportReporter -->
<testsuite skipped="0" hostname="REM-L-SINGHH" name="reuseableScript.driverScript" tests="1" failures="0" timestamp="17 Jun 2019 19:53:04 GMT" time="25.886" errors="0">
  <testcase name="applicationLaunch" time="25.886" classname="reuseableScript.driverScript"/>
</testsuite> <!-- reuseableScript.driverScript -->
