<?xml version="1.0" encoding="UTF-8"?>
<!-- Generated by org.testng.reporters.JUnitReportReporter -->
<testsuite skipped="0" hostname="REM-L-SINGHH" name="VW_TC.location" tests="2" failures="0" timestamp="30 Jun 2019 20:02:28 GMT" time="13.461" errors="0">
  <testcase name="logInWithExpirixAdmin" time="12.662" classname="VW_TC.location"/>
  <testcase name="linktest" time="0.799" classname="VW_TC.location"/>
</testsuite> <!-- VW_TC.location -->
