<?xml version="1.0" encoding="UTF-8"?>
<!-- Generated by org.testng.reporters.JUnitReportReporter -->
<testsuite skipped="0" hostname="REM-L-SINGHH" name="VW_TC.TC0007_login_With_Partner_User" tests="2" failures="0" timestamp="12 Jul 2019 10:12:48 GMT" time="114.268" errors="0">
  <testcase name="logInWithPartnerUser" time="11.662" classname="VW_TC.TC0007_login_With_Partner_User"/>
  <testcase name="testTabValidation" time="102.606" classname="VW_TC.TC0007_login_With_Partner_User"/>
</testsuite> <!-- VW_TC.TC0007_login_With_Partner_User -->
