<?xml version="1.0" encoding="UTF-8"?>
<!-- Generated by org.testng.reporters.JUnitReportReporter -->
<testsuite skipped="0" hostname="REM-L-SINGHH" name="VW_TC.TC0008_login_With_Client_OR_Partner_Client_Custmer_Admin" tests="8" failures="0" timestamp="13 Jul 2019 19:06:50 GMT" time="668.490" errors="0">
  <testcase name="logInWithPartnerClient_CustomerAdmin" time="13.121" classname="VW_TC.TC0008_login_With_Client_OR_Partner_Client_Custmer_Admin"/>
  <testcase name="headerMandatoryDetails" time="0.547" classname="VW_TC.TC0008_login_With_Client_OR_Partner_Client_Custmer_Admin"/>
  <testcase name="footerMandatoryDetails" time="0.328" classname="VW_TC.TC0008_login_With_Client_OR_Partner_Client_Custmer_Admin"/>
  <testcase name="TabValidation" time="401.329" classname="VW_TC.TC0008_login_With_Client_OR_Partner_Client_Custmer_Admin"/>
  <testcase name="dashBoardTabValidation" time="2.000" classname="VW_TC.TC0008_login_With_Client_OR_Partner_Client_Custmer_Admin"/>
  <testcase name="alertTabValidation" time="3.487" classname="VW_TC.TC0008_login_With_Client_OR_Partner_Client_Custmer_Admin"/>
  <testcase name="testTabValidation" time="233.762" classname="VW_TC.TC0008_login_With_Client_OR_Partner_Client_Custmer_Admin"/>
  <testcase name="tagTabValidation" time="13.916" classname="VW_TC.TC0008_login_With_Client_OR_Partner_Client_Custmer_Admin"/>
</testsuite> <!-- VW_TC.TC0008_login_With_Client_OR_Partner_Client_Custmer_Admin -->
