<?xml version="1.0" encoding="UTF-8"?>
<!-- Generated by org.testng.reporters.JUnitReportReporter -->
<testsuite skipped="0" hostname="REM-L-SINGHH" name="VW_TC.TC0004_login_With_Partner_Customer_Admin" tests="4" failures="0" timestamp="01 Jul 2019 20:09:04 GMT" time="21.365" errors="0">
  <testcase name="logInWithPartnerCustomerAdmin" time="18.290" classname="VW_TC.TC0004_login_With_Partner_Customer_Admin"/>
  <testcase name="headerMandatoryDetails" time="0.308" classname="VW_TC.TC0004_login_With_Partner_Customer_Admin"/>
  <testcase name="footerMandatoryDetails" time="0.220" classname="VW_TC.TC0004_login_With_Partner_Customer_Admin"/>
  <testcase name="dashBoardTabValidation" time="2.547" classname="VW_TC.TC0004_login_With_Partner_Customer_Admin"/>
</testsuite> <!-- VW_TC.TC0004_login_With_Partner_Customer_Admin -->
