<?xml version="1.0" encoding="UTF-8"?>
<!-- Generated by org.testng.reporters.JUnitReportReporter -->
<testsuite skipped="0" hostname="REM-L-SINGHH" name="VW_TC.TC0011_login_With_Client_OR_Partner_Client_User" tests="4" failures="0" timestamp="01 Jul 2019 20:19:49 GMT" time="18.585" errors="0">
  <testcase name="logInWithPartnerClient_User" time="16.434" classname="VW_TC.TC0011_login_With_Client_OR_Partner_Client_User"/>
  <testcase name="headerMandatoryDetails" time="0.340" classname="VW_TC.TC0011_login_With_Client_OR_Partner_Client_User"/>
  <testcase name="footerMandatoryDetails" time="0.288" classname="VW_TC.TC0011_login_With_Client_OR_Partner_Client_User"/>
  <testcase name="dashBoardTabValidation" time="1.523" classname="VW_TC.TC0011_login_With_Client_OR_Partner_Client_User"/>
</testsuite> <!-- VW_TC.TC0011_login_With_Client_OR_Partner_Client_User -->
