<?xml version="1.0" encoding="UTF-8"?>
<!-- Generated by org.testng.reporters.JUnitReportReporter -->
<testsuite skipped="0" hostname="REM-L-SINGHH" name="VW_TC.TC0004_loginWithPARTNER_CUSTOMER_ADMIN" tests="2" failures="0" timestamp="18 Jun 2019 20:41:04 GMT" time="220.144" errors="0">
  <testcase name="logInScreen" time="19.563" classname="VW_TC.TC0004_loginWithPARTNER_CUSTOMER_ADMIN"/>
  <testcase name="TabValidation" time="200.581" classname="VW_TC.TC0004_loginWithPARTNER_CUSTOMER_ADMIN"/>
</testsuite> <!-- VW_TC.TC0004_loginWithPARTNER_CUSTOMER_ADMIN -->
