<?xml version="1.0" encoding="UTF-8"?>
<!-- Generated by org.testng.reporters.JUnitReportReporter -->
<testsuite skipped="0" hostname="REM-L-SINGHH" name="VW_TC.TC0002_login_With_Exmpirix_Admin" tests="2" failures="0" timestamp="24 Jun 2019 18:40:05 GMT" time="30.536" errors="0">
  <testcase name="logInWithExpirixAdmin" time="29.968" classname="VW_TC.TC0002_login_With_Exmpirix_Admin"/>
  <testcase name="TabAvailabilityValidation" time="0.568" classname="VW_TC.TC0002_login_With_Exmpirix_Admin"/>
</testsuite> <!-- VW_TC.TC0002_login_With_Exmpirix_Admin -->
