<?xml version="1.0" encoding="UTF-8"?>
<!-- Generated by org.testng.reporters.JUnitReportReporter -->
<testsuite skipped="0" hostname="REM-L-SINGHH" name="VW_TC.TC0004_login_With_Partner_Customer_Admin" tests="2" failures="0" timestamp="26 Jun 2019 09:36:59 GMT" time="2021.729" errors="0">
  <testcase name="logInWithPartnerCustomerAdmin" time="21.094" classname="VW_TC.TC0004_login_With_Partner_Customer_Admin"/>
  <testcase name="TabValidation" time="2000.635" classname="VW_TC.TC0004_login_With_Partner_Customer_Admin"/>
</testsuite> <!-- VW_TC.TC0004_login_With_Partner_Customer_Admin -->
