<?xml version="1.0" encoding="UTF-8"?>
<!-- Generated by org.testng.reporters.JUnitReportReporter -->
<testsuite skipped="0" hostname="REM-L-SINGHH" name="VW_TC.TC0003_login_With_Empirix_Business_Analyst" tests="2" failures="0" timestamp="30 Jun 2019 16:30:04 GMT" time="17.064" errors="0">
  <testcase name="logInWithExpirixBusinessAnalyst" time="16.097" classname="VW_TC.TC0003_login_With_Empirix_Business_Analyst"/>
  <testcase name="TabValidation" time="0.967" classname="VW_TC.TC0003_login_With_Empirix_Business_Analyst"/>
</testsuite> <!-- VW_TC.TC0003_login_With_Empirix_Business_Analyst -->
