<?xml version="1.0" encoding="UTF-8"?>
<!-- Generated by org.testng.reporters.JUnitReportReporter -->
<testsuite skipped="0" hostname="REM-L-SINGHH" name="VW_TC.TC0005_login_With_Partner_Developer" tests="2" failures="0" timestamp="30 Jun 2019 16:30:04 GMT" time="2015.811" errors="0">
  <testcase name="logInWithPartnerDevelopment" time="14.929" classname="VW_TC.TC0005_login_With_Partner_Developer"/>
  <testcase name="TabValidation" time="2000.882" classname="VW_TC.TC0005_login_With_Partner_Developer"/>
</testsuite> <!-- VW_TC.TC0005_login_With_Partner_Developer -->
