<?xml version="1.0" encoding="UTF-8"?>
<!-- Generated by org.testng.reporters.JUnitReportReporter -->
<testsuite skipped="0" hostname="REM-L-SINGHH" name="VW_TC.TC0010_login_With_Client_OR_Partner_Client_Enhanced_User" tests="2" failures="0" timestamp="26 Jun 2019 09:36:59 GMT" time="4010.543" errors="0">
  <testcase name="logInWithPartnerClient_EnhancedUser" time="10.027" classname="VW_TC.TC0010_login_With_Client_OR_Partner_Client_Enhanced_User"/>
  <testcase name="TabValidation" time="4000.516" classname="VW_TC.TC0010_login_With_Client_OR_Partner_Client_Enhanced_User"/>
</testsuite> <!-- VW_TC.TC0010_login_With_Client_OR_Partner_Client_Enhanced_User -->
