<?xml version="1.0" encoding="UTF-8"?>
<!-- Generated by org.testng.reporters.JUnitReportReporter -->
<testsuite skipped="0" hostname="REM-L-SINGHH" name="VW_TC.TC0003_login_With_Empirix_Business_Analyst" tests="2" failures="0" timestamp="26 Jun 2019 09:36:59 GMT" time="31.272" errors="0">
  <testcase name="logInWithExpirixBusinessAnalyst" time="30.699" classname="VW_TC.TC0003_login_With_Empirix_Business_Analyst"/>
  <testcase name="TabValidation" time="0.573" classname="VW_TC.TC0003_login_With_Empirix_Business_Analyst"/>
</testsuite> <!-- VW_TC.TC0003_login_With_Empirix_Business_Analyst -->
