<?xml version="1.0" encoding="UTF-8"?>
<!-- Generated by org.testng.reporters.JUnitReportReporter -->
<testsuite skipped="0" hostname="REM-L-SINGHH" name="VW_TC.TC0009_login_With_Client_OR_Partner_Client_Developer" tests="2" failures="0" timestamp="26 Jun 2019 09:36:59 GMT" time="4010.940" errors="0">
  <testcase name="logInWithPartnerClient_Development" time="10.327" classname="VW_TC.TC0009_login_With_Client_OR_Partner_Client_Developer"/>
  <testcase name="TabValidation" time="4000.613" classname="VW_TC.TC0009_login_With_Client_OR_Partner_Client_Developer"/>
</testsuite> <!-- VW_TC.TC0009_login_With_Client_OR_Partner_Client_Developer -->
